2015-05-17T01:14:48.203Z - info: Initializing embedded storage at C:\Users\MarcoAntonio\Documents\GitHub\Point-of-Sale\Point of Sale\bin\Debug\jsreport-net-embedded\data
2015-05-17T01:14:48.234Z - info: Searching for available extensions in C:\Users\MarcoAntonio\Documents\GitHub\Point-of-Sale\Point of Sale\bin\Debug\jsreport-net-embedded
2015-05-17T01:14:48.613Z - info: Found 23 extensions
2015-05-17T01:14:48.629Z - info: Using extension express
2015-05-17T01:14:48.629Z - info: Using extension templates
2015-05-17T01:14:48.629Z - info: Using extension html
2015-05-17T01:14:48.629Z - info: Using extension data
2015-05-17T01:14:48.629Z - info: Using extension phantom-pdf
2015-05-17T01:14:48.629Z - info: Using extension selfTerminate
2015-05-17T01:14:48.629Z - info: Using extension childTemplates
2015-05-17T01:14:48.629Z - info: Using extension images
2015-05-17T01:14:48.629Z - info: Using extension xlsx
2015-05-17T01:14:48.629Z - info: Using extension html-to-xlsx
2015-05-17T01:14:48.629Z - info: Using extension text
2015-05-17T01:14:48.629Z - info: Using extension fop-pdf
2015-05-17T01:14:48.629Z - info: Using extension scripts
2015-05-17T01:14:48.629Z - info: Using extension embedding
2015-05-17T01:14:48.629Z - info: Using extension client-html
2015-05-17T01:14:49.160Z - info: Extensions loaded.
2015-05-17T01:14:49.160Z - info: Initializing embedded storage at C:\Users\MarcoAntonio\Documents\GitHub\Point-of-Sale\Point of Sale\bin\Debug\jsreport-net-embedded\data
2015-05-17T01:14:49.207Z - info: Creating default express app.
2015-05-17T01:14:49.306Z - info: jsreport server successfully started on http port: 2000
2015-05-17T01:14:49.306Z - info: reporter initialized
2015-05-17T01:14:49.640Z - info: Starting rendering request 1 (user: null)
2015-05-17T01:14:52.176Z - info: Rendering request 1 finished in 2536 ms
2015-05-17T01:43:50.570Z - info: Initializing embedded storage at C:\Users\MarcoAntonio\Documents\GitHub\Point-of-Sale\Point of Sale\bin\Debug\jsreport-net-embedded\data
2015-05-17T01:43:50.601Z - info: Searching for available extensions in C:\Users\MarcoAntonio\Documents\GitHub\Point-of-Sale\Point of Sale\bin\Debug\jsreport-net-embedded
2015-05-17T01:43:51.007Z - info: Found 23 extensions
2015-05-17T01:43:51.038Z - info: Using extension express
2015-05-17T01:43:51.038Z - info: Using extension templates
2015-05-17T01:43:51.038Z - info: Using extension html
2015-05-17T01:43:51.038Z - info: Using extension data
2015-05-17T01:43:51.038Z - info: Using extension phantom-pdf
2015-05-17T01:43:51.038Z - info: Using extension selfTerminate
2015-05-17T01:43:51.038Z - info: Using extension childTemplates
2015-05-17T01:43:51.038Z - info: Using extension images
2015-05-17T01:43:51.038Z - info: Using extension xlsx
2015-05-17T01:43:51.038Z - info: Using extension html-to-xlsx
2015-05-17T01:43:51.038Z - info: Using extension text
2015-05-17T01:43:51.038Z - info: Using extension fop-pdf
2015-05-17T01:43:51.038Z - info: Using extension scripts
2015-05-17T01:43:51.038Z - info: Using extension embedding
2015-05-17T01:43:51.038Z - info: Using extension client-html
2015-05-17T01:43:51.804Z - info: Extensions loaded.
2015-05-17T01:43:51.804Z - info: Initializing embedded storage at C:\Users\MarcoAntonio\Documents\GitHub\Point-of-Sale\Point of Sale\bin\Debug\jsreport-net-embedded\data
2015-05-17T01:43:51.851Z - info: Creating default express app.
2015-05-17T01:43:51.954Z - info: jsreport server successfully started on http port: 2000
2015-05-17T01:43:51.956Z - info: reporter initialized
2015-05-17T01:44:38.030Z - info: Starting rendering request 1 (user: null)
2015-05-17T01:44:39.000Z - info: Rendering request 1 finished in 971 ms
2015-05-17T01:46:16.486Z - info: Initializing embedded storage at C:\Users\MarcoAntonio\Documents\GitHub\Point-of-Sale\Point of Sale\bin\Debug\jsreport-net-embedded\data
2015-05-17T01:46:16.517Z - info: Searching for available extensions in C:\Users\MarcoAntonio\Documents\GitHub\Point-of-Sale\Point of Sale\bin\Debug\jsreport-net-embedded
2015-05-17T01:46:16.939Z - info: Found 23 extensions
2015-05-17T01:46:16.939Z - info: Using extension express
2015-05-17T01:46:16.939Z - info: Using extension templates
2015-05-17T01:46:16.954Z - info: Using extension html
2015-05-17T01:46:16.954Z - info: Using extension data
2015-05-17T01:46:16.954Z - info: Using extension phantom-pdf
2015-05-17T01:46:16.954Z - info: Using extension selfTerminate
2015-05-17T01:46:16.954Z - info: Using extension childTemplates
2015-05-17T01:46:16.954Z - info: Using extension images
2015-05-17T01:46:16.954Z - info: Using extension xlsx
2015-05-17T01:46:16.954Z - info: Using extension html-to-xlsx
2015-05-17T01:46:16.954Z - info: Using extension text
2015-05-17T01:46:16.954Z - info: Using extension fop-pdf
2015-05-17T01:46:16.954Z - info: Using extension scripts
2015-05-17T01:46:16.954Z - info: Using extension embedding
2015-05-17T01:46:16.954Z - info: Using extension client-html
2015-05-17T01:46:17.685Z - info: Extensions loaded.
2015-05-17T01:46:17.685Z - info: Initializing embedded storage at C:\Users\MarcoAntonio\Documents\GitHub\Point-of-Sale\Point of Sale\bin\Debug\jsreport-net-embedded\data
2015-05-17T01:46:17.748Z - info: Creating default express app.
2015-05-17T01:46:17.841Z - info: jsreport server successfully started on http port: 2000
2015-05-17T01:46:17.841Z - info: reporter initialized
2015-05-17T01:47:46.009Z - info: Initializing embedded storage at C:\Users\MarcoAntonio\Documents\GitHub\Point-of-Sale\Point of Sale\bin\Debug\jsreport-net-embedded\data
2015-05-17T01:47:46.025Z - info: Searching for available extensions in C:\Users\MarcoAntonio\Documents\GitHub\Point-of-Sale\Point of Sale\bin\Debug\jsreport-net-embedded
2015-05-17T01:47:46.464Z - info: Found 23 extensions
2015-05-17T01:47:46.464Z - info: Using extension express
2015-05-17T01:47:46.479Z - info: Using extension templates
2015-05-17T01:47:46.479Z - info: Using extension html
2015-05-17T01:47:46.479Z - info: Using extension data
2015-05-17T01:47:46.479Z - info: Using extension phantom-pdf
2015-05-17T01:47:46.479Z - info: Using extension selfTerminate
2015-05-17T01:47:46.479Z - info: Using extension childTemplates
2015-05-17T01:47:46.479Z - info: Using extension images
2015-05-17T01:47:46.479Z - info: Using extension xlsx
2015-05-17T01:47:46.479Z - info: Using extension html-to-xlsx
2015-05-17T01:47:46.479Z - info: Using extension text
2015-05-17T01:47:46.479Z - info: Using extension fop-pdf
2015-05-17T01:47:46.495Z - info: Using extension scripts
2015-05-17T01:47:46.495Z - info: Using extension embedding
2015-05-17T01:47:46.495Z - info: Using extension client-html
2015-05-17T01:47:47.010Z - info: Extensions loaded.
2015-05-17T01:47:47.010Z - info: Initializing embedded storage at C:\Users\MarcoAntonio\Documents\GitHub\Point-of-Sale\Point of Sale\bin\Debug\jsreport-net-embedded\data
2015-05-17T01:47:47.057Z - info: Creating default express app.
2015-05-17T01:47:47.151Z - info: jsreport server successfully started on http port: 2000
2015-05-17T01:47:47.151Z - info: reporter initialized
2015-05-17T02:31:16.849Z - info: Initializing embedded storage at C:\Users\MarcoAntonio\Documents\GitHub\Point-of-Sale\Point of Sale\bin\Debug\jsreport-net-embedded\data
2015-05-17T02:31:16.880Z - info: Searching for available extensions in C:\Users\MarcoAntonio\Documents\GitHub\Point-of-Sale\Point of Sale\bin\Debug\jsreport-net-embedded
2015-05-17T02:31:17.302Z - info: Found 23 extensions
2015-05-17T02:31:17.354Z - info: Using extension express
2015-05-17T02:31:17.357Z - info: Using extension templates
2015-05-17T02:31:17.359Z - info: Using extension html
2015-05-17T02:31:17.360Z - info: Using extension data
2015-05-17T02:31:17.366Z - info: Using extension phantom-pdf
2015-05-17T02:31:17.371Z - info: Using extension selfTerminate
2015-05-17T02:31:17.373Z - info: Using extension childTemplates
2015-05-17T02:31:17.376Z - info: Using extension images
2015-05-17T02:31:17.378Z - info: Using extension xlsx
2015-05-17T02:31:17.380Z - info: Using extension html-to-xlsx
2015-05-17T02:31:17.382Z - info: Using extension text
2015-05-17T02:31:17.383Z - info: Using extension fop-pdf
2015-05-17T02:31:17.385Z - info: Using extension scripts
2015-05-17T02:31:17.390Z - info: Using extension embedding
2015-05-17T02:31:17.398Z - info: Using extension client-html
2015-05-17T02:31:17.966Z - info: Extensions loaded.
2015-05-17T02:31:17.966Z - info: Initializing embedded storage at C:\Users\MarcoAntonio\Documents\GitHub\Point-of-Sale\Point of Sale\bin\Debug\jsreport-net-embedded\data
2015-05-17T02:31:18.017Z - info: Creating default express app.
2015-05-17T02:31:18.097Z - info: jsreport server successfully started on http port: 2000
2015-05-17T02:31:18.100Z - info: reporter initialized
2015-05-17T02:33:12.250Z - info: Starting rendering request 1 (user: null)
2015-05-17T02:33:13.725Z - info: Rendering request 1 finished in 1476 ms
2015-05-17T02:33:30.669Z - info: Starting rendering request 2 (user: null)
2015-05-17T02:33:30.776Z - info: Rendering request 2 finished in 108 ms
2015-05-17T02:33:41.130Z - info: Starting rendering request 3 (user: null)
2015-05-17T02:33:41.242Z - info: Rendering request 3 finished in 111 ms
2015-05-17T02:33:54.265Z - info: Starting rendering request 4 (user: null)
2015-05-17T02:33:54.369Z - info: Rendering request 4 finished in 104 ms
2015-05-17T02:45:43.716Z - info: Starting rendering request 5 (user: null)
2015-05-17T02:45:43.835Z - info: Rendering request 5 finished in 119 ms
2015-05-17T02:45:53.506Z - info: Starting rendering request 6 (user: null)
2015-05-17T02:45:53.615Z - info: Rendering request 6 finished in 109 ms
2015-05-17T02:46:32.303Z - info: Starting rendering request 7 (user: null)
2015-05-17T02:46:32.556Z - info: Rendering request 7 finished in 253 ms
2015-05-17T02:48:21.112Z - info: Starting rendering request 8 (user: null)
2015-05-17T02:48:21.234Z - info: Rendering request 8 finished in 122 ms
2015-05-17T02:48:55.924Z - info: Starting rendering request 9 (user: null)
2015-05-17T02:48:56.048Z - info: Rendering request 9 finished in 125 ms
2015-05-17T02:49:24.958Z - info: Starting rendering request 10 (user: null)
2015-05-17T02:49:25.098Z - info: Rendering request 10 finished in 140 ms
2015-05-17T02:50:03.050Z - info: Starting rendering request 11 (user: null)
2015-05-17T02:50:03.217Z - info: Rendering request 11 finished in 168 ms
2015-05-17T02:50:43.273Z - info: Starting rendering request 12 (user: null)
2015-05-17T02:50:43.425Z - info: Rendering request 12 finished in 152 ms
2015-05-17T02:52:45.070Z - info: Starting rendering request 13 (user: null)
2015-05-17T02:52:45.212Z - info: Rendering request 13 finished in 142 ms
2015-05-17T02:54:06.180Z - info: Starting rendering request 14 (user: null)
2015-05-17T02:54:06.388Z - info: Rendering request 14 finished in 208 ms
2015-05-17T02:54:38.007Z - info: Starting rendering request 15 (user: null)
2015-05-17T02:54:38.139Z - info: Rendering request 15 finished in 132 ms
2015-05-17T02:54:45.532Z - info: Starting rendering request 16 (user: null)
2015-05-17T02:54:45.673Z - info: Rendering request 16 finished in 142 ms
2015-05-17T02:54:50.730Z - info: Starting rendering request 17 (user: null)
2015-05-17T02:54:50.939Z - info: Rendering request 17 finished in 209 ms
2015-05-17T02:54:59.189Z - info: Starting rendering request 18 (user: null)
2015-05-17T02:54:59.357Z - info: Rendering request 18 finished in 168 ms
2015-05-17T02:55:13.472Z - info: Starting rendering request 19 (user: null)
2015-05-17T02:55:13.624Z - info: Rendering request 19 finished in 152 ms
2015-05-17T03:00:27.094Z - info: Initializing embedded storage at C:\Users\MarcoAntonio\Documents\GitHub\Point-of-Sale\Point of Sale\bin\Debug\jsreport-net-embedded\data
2015-05-17T03:00:27.116Z - info: Searching for available extensions in C:\Users\MarcoAntonio\Documents\GitHub\Point-of-Sale\Point of Sale\bin\Debug\jsreport-net-embedded
2015-05-17T03:00:27.523Z - info: Found 23 extensions
2015-05-17T03:00:27.538Z - info: Using extension express
2015-05-17T03:00:27.538Z - info: Using extension templates
2015-05-17T03:00:27.538Z - info: Using extension html
2015-05-17T03:00:27.538Z - info: Using extension data
2015-05-17T03:00:27.538Z - info: Using extension phantom-pdf
2015-05-17T03:00:27.538Z - info: Using extension selfTerminate
2015-05-17T03:00:27.538Z - info: Using extension childTemplates
2015-05-17T03:00:27.554Z - info: Using extension images
2015-05-17T03:00:27.554Z - info: Using extension xlsx
2015-05-17T03:00:27.554Z - info: Using extension html-to-xlsx
2015-05-17T03:00:27.554Z - info: Using extension text
2015-05-17T03:00:27.554Z - info: Using extension fop-pdf
2015-05-17T03:00:27.554Z - info: Using extension scripts
2015-05-17T03:00:27.554Z - info: Using extension embedding
2015-05-17T03:00:27.554Z - info: Using extension client-html
2015-05-17T03:00:28.226Z - info: Extensions loaded.
2015-05-17T03:00:28.226Z - info: Initializing embedded storage at C:\Users\MarcoAntonio\Documents\GitHub\Point-of-Sale\Point of Sale\bin\Debug\jsreport-net-embedded\data
2015-05-17T03:00:28.257Z - info: Creating default express app.
2015-05-17T03:00:28.335Z - info: jsreport server successfully started on http port: 2000
2015-05-17T03:00:28.335Z - info: reporter initialized
2015-05-17T03:00:44.233Z - info: Starting rendering request 1 (user: null)
2015-05-17T03:00:44.252Z - info: Rendering template {shortid:7kNUnVqA, recipe:phantom-pdf,engine:jsrender}
2015-05-17T03:00:45.035Z - info: Rendering request 1 finished in 802 ms
2015-05-17T04:19:10.014Z - info: Starting rendering request 2 (user: null)
2015-05-17T04:19:10.025Z - info: Rendering template {shortid:7kNUnVqA, recipe:phantom-pdf,engine:jsrender}
2015-05-17T04:19:10.106Z - warn: Error when processing render request Error during rendering report: Cannot call method 'forEach' of undefined TypeError: Cannot call method 'forEach' of undefined
    at Object.getTotal (evalmachine.<anonymous>:3:11)
    at wrapped (C:\Users\MarcoAntonio\Documents\GitHub\Point-of-Sale\Point of Sale\bin\Debug\jsreport-net-embedded\node_modules\node-jsrender\lib\jsrender.js:282:17)
    at Object.eval [as fn] (eval at buildCode (C:\Users\MarcoAntonio\Documents\GitHub\Point-of-Sale\Point of Sale\bin\Debug\jsreport-net-embedded\node_modules\node-jsrender\lib\jsrender.js:1267:11), <anonymous>:17:29)
    at Object.renderContent [as render] (C:\Users\MarcoAntonio\Documents\GitHub\Point-of-Sale\Point of Sale\bin\Debug\jsreport-net-embedded\node_modules\node-jsrender\lib\jsrender.js:965:21)
    at Object.$render.(anonymous function) [as template] (C:\Users\MarcoAntonio\Documents\GitHub\Point-of-Sale\Point of Sale\bin\Debug\jsreport-net-embedded\node_modules\node-jsrender\lib\jsrender.js:748:25)
    at module.exports (C:\Users\MarcoAntonio\Documents\GitHub\Point-of-Sale\Point of Sale\bin\Debug\jsreport-net-embedded\lib\render\jsrenderEngine.js:30:32)
    at evalmachine.<anonymous>:1:15
    at module.exports (C:\Users\MarcoAntonio\Documents\GitHub\Point-of-Sale\Point of Sale\bin\Debug\jsreport-net-embedded\lib\render\renderExecution.js:118:12)
    at IncomingMessage.<anonymous> (C:\Users\MarcoAntonio\Documents\GitHub\Point-of-Sale\Point of Sale\bin\Debug\jsreport-net-embedded\node_modules\script-manager\lib\worker.js:92:53)
    at IncomingMessage.emit (events.js:92:17)
From previous event:
    at defer (C:\Users\MarcoAntonio\Documents\GitHub\Point-of-Sale\Point of Sale\bin\Debug\jsreport-net-embedded\node_modules\q\q.js:542:19)
    at Promise.then (C:\Users\MarcoAntonio\Documents\GitHub\Point-of-Sale\Point of Sale\bin\Debug\jsreport-net-embedded\node_modules\q\q.js:788:20)
    at Reporter.renderContent (C:\Users\MarcoAntonio\Documents\GitHub\Point-of-Sale\Point of Sale\bin\Debug\jsreport-net-embedded\lib\reporter.js:182:38)
    at Object.reporter.extensionsManager.recipes.push.execute (C:\Users\MarcoAntonio\Documents\GitHub\Point-of-Sale\Point of Sale\bin\Debug\jsreport-net-embedded\extension\html\lib\html.js:17:29)
    at Reporter.executeRecipe (C:\Users\MarcoAntonio\Documents\GitHub\Point-of-Sale\Point of Sale\bin\Debug\jsreport-net-embedded\lib\reporter.js:164:19)
    at Phantom.execute (C:\Users\MarcoAntonio\Documents\GitHub\Point-of-Sale\Point of Sale\bin\Debug\jsreport-net-embedded\extension\phantom-pdf\lib\phantom.js:57:26)
    at Reporter.executeRecipe (C:\Users\MarcoAntonio\Documents\GitHub\Point-of-Sale\Point of Sale\bin\Debug\jsreport-net-embedded\lib\reporter.js:164:19)
    at q.then.then.then.then.then.then.then.catch.e.message (C:\Users\MarcoAntonio\Documents\GitHub\Point-of-Sale\Point of Sale\bin\Debug\jsreport-net-embedded\lib\reporter.js:138:21)
    at _fulfilled (C:\Users\MarcoAntonio\Documents\GitHub\Point-of-Sale\Point of Sale\bin\Debug\jsreport-net-embedded\node_modules\q\q.js:794:54)
    at self.promiseDispatch.done (C:\Users\MarcoAntonio\Documents\GitHub\Point-of-Sale\Point of Sale\bin\Debug\jsreport-net-embedded\node_modules\q\q.js:823:30)
    at Promise.promise.promiseDispatch (C:\Users\MarcoAntonio\Documents\GitHub\Point-of-Sale\Point of Sale\bin\Debug\jsreport-net-embedded\node_modules\q\q.js:756:13)
    at C:\Users\MarcoAntonio\Documents\GitHub\Point-of-Sale\Point of Sale\bin\Debug\jsreport-net-embedded\node_modules\q\q.js:564:44
    at flush (C:\Users\MarcoAntonio\Documents\GitHub\Point-of-Sale\Point of Sale\bin\Debug\jsreport-net-embedded\node_modules\q\q.js:110:17)
2015-05-17T04:19:10.107Z - warn: Error during processing request: http://localhost:2000/api/report?studio=normal details: Error during rendering report: Cannot call method 'forEach' of undefined TypeError: Cannot call method 'forEach' of undefined
    at Object.getTotal (evalmachine.<anonymous>:3:11)
    at wrapped (C:\Users\MarcoAntonio\Documents\GitHub\Point-of-Sale\Point of Sale\bin\Debug\jsreport-net-embedded\node_modules\node-jsrender\lib\jsrender.js:282:17)
    at Object.eval [as fn] (eval at buildCode (C:\Users\MarcoAntonio\Documents\GitHub\Point-of-Sale\Point of Sale\bin\Debug\jsreport-net-embedded\node_modules\node-jsrender\lib\jsrender.js:1267:11), <anonymous>:17:29)
    at Object.renderContent [as render] (C:\Users\MarcoAntonio\Documents\GitHub\Point-of-Sale\Point of Sale\bin\Debug\jsreport-net-embedded\node_modules\node-jsrender\lib\jsrender.js:965:21)
    at Object.$render.(anonymous function) [as template] (C:\Users\MarcoAntonio\Documents\GitHub\Point-of-Sale\Point of Sale\bin\Debug\jsreport-net-embedded\node_modules\node-jsrender\lib\jsrender.js:748:25)
    at module.exports (C:\Users\MarcoAntonio\Documents\GitHub\Point-of-Sale\Point of Sale\bin\Debug\jsreport-net-embedded\lib\render\jsrenderEngine.js:30:32)
    at evalmachine.<anonymous>:1:15
    at module.exports (C:\Users\MarcoAntonio\Documents\GitHub\Point-of-Sale\Point of Sale\bin\Debug\jsreport-net-embedded\lib\render\renderExecution.js:118:12)
    at IncomingMessage.<anonymous> (C:\Users\MarcoAntonio\Documents\GitHub\Point-of-Sale\Point of Sale\bin\Debug\jsreport-net-embedded\node_modules\script-manager\lib\worker.js:92:53)
    at IncomingMessage.emit (events.js:92:17)
From previous event:
    at defer (C:\Users\MarcoAntonio\Documents\GitHub\Point-of-Sale\Point of Sale\bin\Debug\jsreport-net-embedded\node_modules\q\q.js:542:19)
    at Promise.then (C:\Users\MarcoAntonio\Documents\GitHub\Point-of-Sale\Point of Sale\bin\Debug\jsreport-net-embedded\node_modules\q\q.js:788:20)
    at Reporter.renderContent (C:\Users\MarcoAntonio\Documents\GitHub\Point-of-Sale\Point of Sale\bin\Debug\jsreport-net-embedded\lib\reporter.js:182:38)
    at Object.reporter.extensionsManager.recipes.push.execute (C:\Users\MarcoAntonio\Documents\GitHub\Point-of-Sale\Point of Sale\bin\Debug\jsreport-net-embedded\extension\html\lib\html.js:17:29)
    at Reporter.executeRecipe (C:\Users\MarcoAntonio\Documents\GitHub\Point-of-Sale\Point of Sale\bin\Debug\jsreport-net-embedded\lib\reporter.js:164:19)
    at Phantom.execute (C:\Users\MarcoAntonio\Documents\GitHub\Point-of-Sale\Point of Sale\bin\Debug\jsreport-net-embedded\extension\phantom-pdf\lib\phantom.js:57:26)
    at Reporter.executeRecipe (C:\Users\MarcoAntonio\Documents\GitHub\Point-of-Sale\Point of Sale\bin\Debug\jsreport-net-embedded\lib\reporter.js:164:19)
    at q.then.then.then.then.then.then.then.catch.e.message (C:\Users\MarcoAntonio\Documents\GitHub\Point-of-Sale\Point of Sale\bin\Debug\jsreport-net-embedded\lib\reporter.js:138:21)
    at _fulfilled (C:\Users\MarcoAntonio\Documents\GitHub\Point-of-Sale\Point of Sale\bin\Debug\jsreport-net-embedded\node_modules\q\q.js:794:54)
    at self.promiseDispatch.done (C:\Users\MarcoAntonio\Documents\GitHub\Point-of-Sale\Point of Sale\bin\Debug\jsreport-net-embedded\node_modules\q\q.js:823:30)
    at Promise.promise.promiseDispatch (C:\Users\MarcoAntonio\Documents\GitHub\Point-of-Sale\Point of Sale\bin\Debug\jsreport-net-embedded\node_modules\q\q.js:756:13)
    at C:\Users\MarcoAntonio\Documents\GitHub\Point-of-Sale\Point of Sale\bin\Debug\jsreport-net-embedded\node_modules\q\q.js:564:44
    at flush (C:\Users\MarcoAntonio\Documents\GitHub\Point-of-Sale\Point of Sale\bin\Debug\jsreport-net-embedded\node_modules\q\q.js:110:17)
2015-05-17T04:19:48.232Z - info: Starting rendering request 3 (user: null)
2015-05-17T04:19:48.254Z - info: Rendering template {shortid:7kNUnVqA, recipe:phantom-pdf,engine:jsrender}
2015-05-17T04:19:48.279Z - warn: Error when processing render request Error during rendering report: Syntax error
Compiled template code:

// template
var j=j||jsviews,v,t=j._tag,ret="";

ret+="<style>\n    h1 {\n        text-align: center;\n    }\n\n    h2 {\n        text-align: right;\n    }\n\n    table {\n        margin-left: auto;\n        margin-right: auto;\n        text-align: center;\n    }\n\n    td {\n        padding: 5px 10px;\n    }\n</style>\n\n<h1>Corte de Caja</h1>\n<h2>";
ret+=(v=data.day)!=u?v:"";
ret+=" de ";
ret+=(v=data.month)!=u?v:"";
ret+=" del ";
ret+=(v=data.year)!=u?v:"";
ret+="</h2>\n\n<table>\n    <tr>\n        <th>Producto</th>\n        <th>Cantidad</th>\n        <th>Total</th>\n    </tr>\n    ";
ret+=t("for",view,this,[{view:view,tmpl:1,
	params:"sale",
	props:{},
	args:[data.sale]}]);
ret+="\n    <tr>\n        <td></td>\n        <td>Total</td>\n        <td>";
ret+=(v=view.hlp("getTotal")(:data.sales))!=u?v:"";
ret+="</td>\n    </tr>\n</table>\n";
return ret;
 Error
    at module.exports (C:\Users\MarcoAntonio\Documents\GitHub\Point-of-Sale\Point of Sale\bin\Debug\jsreport-net-embedded\node_modules\node-jsrender\lib\jsrender.js:157:28)
    at Object.<anonymous> (C:\Users\MarcoAntonio\Documents\GitHub\Point-of-Sale\Point of Sale\bin\Debug\jsreport-net-embedded\node_modules\node-jsrender\lib\jsrender.js:1617:3)
    at C:\Users\MarcoAntonio\Documents\GitHub\Point-of-Sale\Point of Sale\bin\Debug\jsreport-net-embedded\node_modules\node-jsrender\index.js:4:13
    at Object.<anonymous> (C:\Users\MarcoAntonio\Documents\GitHub\Point-of-Sale\Point of Sale\bin\Debug\jsreport-net-embedded\node_modules\node-jsrender\index.js:93:2)
From previous event:
    at defer (C:\Users\MarcoAntonio\Documents\GitHub\Point-of-Sale\Point of Sale\bin\Debug\jsreport-net-embedded\node_modules\q\q.js:542:19)
    at Promise.then (C:\Users\MarcoAntonio\Documents\GitHub\Point-of-Sale\Point of Sale\bin\Debug\jsreport-net-embedded\node_modules\q\q.js:788:20)
    at Reporter.renderContent (C:\Users\MarcoAntonio\Documents\GitHub\Point-of-Sale\Point of Sale\bin\Debug\jsreport-net-embedded\lib\reporter.js:182:38)
    at Object.reporter.extensionsManager.recipes.push.execute (C:\Users\MarcoAntonio\Documents\GitHub\Point-of-Sale\Point of Sale\bin\Debug\jsreport-net-embedded\extension\html\lib\html.js:17:29)
    at Reporter.executeRecipe (C:\Users\MarcoAntonio\Documents\GitHub\Point-of-Sale\Point of Sale\bin\Debug\jsreport-net-embedded\lib\reporter.js:164:19)
    at Phantom.execute (C:\Users\MarcoAntonio\Documents\GitHub\Point-of-Sale\Point of Sale\bin\Debug\jsreport-net-embedded\extension\phantom-pdf\lib\phantom.js:57:26)
    at Reporter.executeRecipe (C:\Users\MarcoAntonio\Documents\GitHub\Point-of-Sale\Point of Sale\bin\Debug\jsreport-net-embedded\lib\reporter.js:164:19)
    at q.then.then.then.then.then.then.then.catch.e.message (C:\Users\MarcoAntonio\Documents\GitHub\Point-of-Sale\Point of Sale\bin\Debug\jsreport-net-embedded\lib\reporter.js:138:21)
    at _fulfilled (C:\Users\MarcoAntonio\Documents\GitHub\Point-of-Sale\Point of Sale\bin\Debug\jsreport-net-embedded\node_modules\q\q.js:794:54)
    at self.promiseDispatch.done (C:\Users\MarcoAntonio\Documents\GitHub\Point-of-Sale\Point of Sale\bin\Debug\jsreport-net-embedded\node_modules\q\q.js:823:30)
    at Promise.promise.promiseDispatch (C:\Users\MarcoAntonio\Documents\GitHub\Point-of-Sale\Point of Sale\bin\Debug\jsreport-net-embedded\node_modules\q\q.js:756:13)
    at C:\Users\MarcoAntonio\Documents\GitHub\Point-of-Sale\Point of Sale\bin\Debug\jsreport-net-embedded\node_modules\q\q.js:564:44
    at flush (C:\Users\MarcoAntonio\Documents\GitHub\Point-of-Sale\Point of Sale\bin\Debug\jsreport-net-embedded\node_modules\q\q.js:110:17)
2015-05-17T04:19:48.279Z - warn: Error during processing request: http://localhost:2000/api/report?studio=normal details: Error during rendering report: Syntax error
Compiled template code:

// template
var j=j||jsviews,v,t=j._tag,ret="";

ret+="<style>\n    h1 {\n        text-align: center;\n    }\n\n    h2 {\n        text-align: right;\n    }\n\n    table {\n        margin-left: auto;\n        margin-right: auto;\n        text-align: center;\n    }\n\n    td {\n        padding: 5px 10px;\n    }\n</style>\n\n<h1>Corte de Caja</h1>\n<h2>";
ret+=(v=data.day)!=u?v:"";
ret+=" de ";
ret+=(v=data.month)!=u?v:"";
ret+=" del ";
ret+=(v=data.year)!=u?v:"";
ret+="</h2>\n\n<table>\n    <tr>\n        <th>Producto</th>\n        <th>Cantidad</th>\n        <th>Total</th>\n    </tr>\n    ";
ret+=t("for",view,this,[{view:view,tmpl:1,
	params:"sale",
	props:{},
	args:[data.sale]}]);
ret+="\n    <tr>\n        <td></td>\n        <td>Total</td>\n        <td>";
ret+=(v=view.hlp("getTotal")(:data.sales))!=u?v:"";
ret+="</td>\n    </tr>\n</table>\n";
return ret;
 Error
    at module.exports (C:\Users\MarcoAntonio\Documents\GitHub\Point-of-Sale\Point of Sale\bin\Debug\jsreport-net-embedded\node_modules\node-jsrender\lib\jsrender.js:157:28)
    at Object.<anonymous> (C:\Users\MarcoAntonio\Documents\GitHub\Point-of-Sale\Point of Sale\bin\Debug\jsreport-net-embedded\node_modules\node-jsrender\lib\jsrender.js:1617:3)
    at C:\Users\MarcoAntonio\Documents\GitHub\Point-of-Sale\Point of Sale\bin\Debug\jsreport-net-embedded\node_modules\node-jsrender\index.js:4:13
    at Object.<anonymous> (C:\Users\MarcoAntonio\Documents\GitHub\Point-of-Sale\Point of Sale\bin\Debug\jsreport-net-embedded\node_modules\node-jsrender\index.js:93:2)
From previous event:
    at defer (C:\Users\MarcoAntonio\Documents\GitHub\Point-of-Sale\Point of Sale\bin\Debug\jsreport-net-embedded\node_modules\q\q.js:542:19)
    at Promise.then (C:\Users\MarcoAntonio\Documents\GitHub\Point-of-Sale\Point of Sale\bin\Debug\jsreport-net-embedded\node_modules\q\q.js:788:20)
    at Reporter.renderContent (C:\Users\MarcoAntonio\Documents\GitHub\Point-of-Sale\Point of Sale\bin\Debug\jsreport-net-embedded\lib\reporter.js:182:38)
    at Object.reporter.extensionsManager.recipes.push.execute (C:\Users\MarcoAntonio\Documents\GitHub\Point-of-Sale\Point of Sale\bin\Debug\jsreport-net-embedded\extension\html\lib\html.js:17:29)
    at Reporter.executeRecipe (C:\Users\MarcoAntonio\Documents\GitHub\Point-of-Sale\Point of Sale\bin\Debug\jsreport-net-embedded\lib\reporter.js:164:19)
    at Phantom.execute (C:\Users\MarcoAntonio\Documents\GitHub\Point-of-Sale\Point of Sale\bin\Debug\jsreport-net-embedded\extension\phantom-pdf\lib\phantom.js:57:26)
    at Reporter.executeRecipe (C:\Users\MarcoAntonio\Documents\GitHub\Point-of-Sale\Point of Sale\bin\Debug\jsreport-net-embedded\lib\reporter.js:164:19)
    at q.then.then.then.then.then.then.then.catch.e.message (C:\Users\MarcoAntonio\Documents\GitHub\Point-of-Sale\Point of Sale\bin\Debug\jsreport-net-embedded\lib\reporter.js:138:21)
    at _fulfilled (C:\Users\MarcoAntonio\Documents\GitHub\Point-of-Sale\Point of Sale\bin\Debug\jsreport-net-embedded\node_modules\q\q.js:794:54)
    at self.promiseDispatch.done (C:\Users\MarcoAntonio\Documents\GitHub\Point-of-Sale\Point of Sale\bin\Debug\jsreport-net-embedded\node_modules\q\q.js:823:30)
    at Promise.promise.promiseDispatch (C:\Users\MarcoAntonio\Documents\GitHub\Point-of-Sale\Point of Sale\bin\Debug\jsreport-net-embedded\node_modules\q\q.js:756:13)
    at C:\Users\MarcoAntonio\Documents\GitHub\Point-of-Sale\Point of Sale\bin\Debug\jsreport-net-embedded\node_modules\q\q.js:564:44
    at flush (C:\Users\MarcoAntonio\Documents\GitHub\Point-of-Sale\Point of Sale\bin\Debug\jsreport-net-embedded\node_modules\q\q.js:110:17)
2015-05-17T04:20:06.503Z - info: Starting rendering request 4 (user: null)
2015-05-17T04:20:06.512Z - info: Rendering template {shortid:7kNUnVqA, recipe:phantom-pdf,engine:jsrender}
2015-05-17T04:20:06.538Z - warn: Error when processing render request Error during rendering report: Cannot call method 'forEach' of undefined TypeError: Cannot call method 'forEach' of undefined
    at Object.getTotal (evalmachine.<anonymous>:3:11)
    at wrapped (C:\Users\MarcoAntonio\Documents\GitHub\Point-of-Sale\Point of Sale\bin\Debug\jsreport-net-embedded\node_modules\node-jsrender\lib\jsrender.js:282:17)
    at Object.eval [as fn] (eval at buildCode (C:\Users\MarcoAntonio\Documents\GitHub\Point-of-Sale\Point of Sale\bin\Debug\jsreport-net-embedded\node_modules\node-jsrender\lib\jsrender.js:1267:11), <anonymous>:17:29)
    at Object.renderContent [as render] (C:\Users\MarcoAntonio\Documents\GitHub\Point-of-Sale\Point of Sale\bin\Debug\jsreport-net-embedded\node_modules\node-jsrender\lib\jsrender.js:965:21)
    at Object.$render.(anonymous function) [as template] (C:\Users\MarcoAntonio\Documents\GitHub\Point-of-Sale\Point of Sale\bin\Debug\jsreport-net-embedded\node_modules\node-jsrender\lib\jsrender.js:748:25)
    at module.exports (C:\Users\MarcoAntonio\Documents\GitHub\Point-of-Sale\Point of Sale\bin\Debug\jsreport-net-embedded\lib\render\jsrenderEngine.js:30:32)
    at evalmachine.<anonymous>:1:15
    at module.exports (C:\Users\MarcoAntonio\Documents\GitHub\Point-of-Sale\Point of Sale\bin\Debug\jsreport-net-embedded\lib\render\renderExecution.js:118:12)
    at IncomingMessage.<anonymous> (C:\Users\MarcoAntonio\Documents\GitHub\Point-of-Sale\Point of Sale\bin\Debug\jsreport-net-embedded\node_modules\script-manager\lib\worker.js:92:53)
    at IncomingMessage.emit (events.js:92:17)
From previous event:
    at defer (C:\Users\MarcoAntonio\Documents\GitHub\Point-of-Sale\Point of Sale\bin\Debug\jsreport-net-embedded\node_modules\q\q.js:542:19)
    at Promise.then (C:\Users\MarcoAntonio\Documents\GitHub\Point-of-Sale\Point of Sale\bin\Debug\jsreport-net-embedded\node_modules\q\q.js:788:20)
    at Reporter.renderContent (C:\Users\MarcoAntonio\Documents\GitHub\Point-of-Sale\Point of Sale\bin\Debug\jsreport-net-embedded\lib\reporter.js:182:38)
    at Object.reporter.extensionsManager.recipes.push.execute (C:\Users\MarcoAntonio\Documents\GitHub\Point-of-Sale\Point of Sale\bin\Debug\jsreport-net-embedded\extension\html\lib\html.js:17:29)
    at Reporter.executeRecipe (C:\Users\MarcoAntonio\Documents\GitHub\Point-of-Sale\Point of Sale\bin\Debug\jsreport-net-embedded\lib\reporter.js:164:19)
    at Phantom.execute (C:\Users\MarcoAntonio\Documents\GitHub\Point-of-Sale\Point of Sale\bin\Debug\jsreport-net-embedded\extension\phantom-pdf\lib\phantom.js:57:26)
    at Reporter.executeRecipe (C:\Users\MarcoAntonio\Documents\GitHub\Point-of-Sale\Point of Sale\bin\Debug\jsreport-net-embedded\lib\reporter.js:164:19)
    at q.then.then.then.then.then.then.then.catch.e.message (C:\Users\MarcoAntonio\Documents\GitHub\Point-of-Sale\Point of Sale\bin\Debug\jsreport-net-embedded\lib\reporter.js:138:21)
    at _fulfilled (C:\Users\MarcoAntonio\Documents\GitHub\Point-of-Sale\Point of Sale\bin\Debug\jsreport-net-embedded\node_modules\q\q.js:794:54)
    at self.promiseDispatch.done (C:\Users\MarcoAntonio\Documents\GitHub\Point-of-Sale\Point of Sale\bin\Debug\jsreport-net-embedded\node_modules\q\q.js:823:30)
    at Promise.promise.promiseDispatch (C:\Users\MarcoAntonio\Documents\GitHub\Point-of-Sale\Point of Sale\bin\Debug\jsreport-net-embedded\node_modules\q\q.js:756:13)
    at C:\Users\MarcoAntonio\Documents\GitHub\Point-of-Sale\Point of Sale\bin\Debug\jsreport-net-embedded\node_modules\q\q.js:564:44
    at flush (C:\Users\MarcoAntonio\Documents\GitHub\Point-of-Sale\Point of Sale\bin\Debug\jsreport-net-embedded\node_modules\q\q.js:110:17)
2015-05-17T04:20:06.539Z - warn: Error during processing request: http://localhost:2000/api/report?studio=normal details: Error during rendering report: Cannot call method 'forEach' of undefined TypeError: Cannot call method 'forEach' of undefined
    at Object.getTotal (evalmachine.<anonymous>:3:11)
    at wrapped (C:\Users\MarcoAntonio\Documents\GitHub\Point-of-Sale\Point of Sale\bin\Debug\jsreport-net-embedded\node_modules\node-jsrender\lib\jsrender.js:282:17)
    at Object.eval [as fn] (eval at buildCode (C:\Users\MarcoAntonio\Documents\GitHub\Point-of-Sale\Point of Sale\bin\Debug\jsreport-net-embedded\node_modules\node-jsrender\lib\jsrender.js:1267:11), <anonymous>:17:29)
    at Object.renderContent [as render] (C:\Users\MarcoAntonio\Documents\GitHub\Point-of-Sale\Point of Sale\bin\Debug\jsreport-net-embedded\node_modules\node-jsrender\lib\jsrender.js:965:21)
    at Object.$render.(anonymous function) [as template] (C:\Users\MarcoAntonio\Documents\GitHub\Point-of-Sale\Point of Sale\bin\Debug\jsreport-net-embedded\node_modules\node-jsrender\lib\jsrender.js:748:25)
    at module.exports (C:\Users\MarcoAntonio\Documents\GitHub\Point-of-Sale\Point of Sale\bin\Debug\jsreport-net-embedded\lib\render\jsrenderEngine.js:30:32)
    at evalmachine.<anonymous>:1:15
    at module.exports (C:\Users\MarcoAntonio\Documents\GitHub\Point-of-Sale\Point of Sale\bin\Debug\jsreport-net-embedded\lib\render\renderExecution.js:118:12)
    at IncomingMessage.<anonymous> (C:\Users\MarcoAntonio\Documents\GitHub\Point-of-Sale\Point of Sale\bin\Debug\jsreport-net-embedded\node_modules\script-manager\lib\worker.js:92:53)
    at IncomingMessage.emit (events.js:92:17)
From previous event:
    at defer (C:\Users\MarcoAntonio\Documents\GitHub\Point-of-Sale\Point of Sale\bin\Debug\jsreport-net-embedded\node_modules\q\q.js:542:19)
    at Promise.then (C:\Users\MarcoAntonio\Documents\GitHub\Point-of-Sale\Point of Sale\bin\Debug\jsreport-net-embedded\node_modules\q\q.js:788:20)
    at Reporter.renderContent (C:\Users\MarcoAntonio\Documents\GitHub\Point-of-Sale\Point of Sale\bin\Debug\jsreport-net-embedded\lib\reporter.js:182:38)
    at Object.reporter.extensionsManager.recipes.push.execute (C:\Users\MarcoAntonio\Documents\GitHub\Point-of-Sale\Point of Sale\bin\Debug\jsreport-net-embedded\extension\html\lib\html.js:17:29)
    at Reporter.executeRecipe (C:\Users\MarcoAntonio\Documents\GitHub\Point-of-Sale\Point of Sale\bin\Debug\jsreport-net-embedded\lib\reporter.js:164:19)
    at Phantom.execute (C:\Users\MarcoAntonio\Documents\GitHub\Point-of-Sale\Point of Sale\bin\Debug\jsreport-net-embedded\extension\phantom-pdf\lib\phantom.js:57:26)
    at Reporter.executeRecipe (C:\Users\MarcoAntonio\Documents\GitHub\Point-of-Sale\Point of Sale\bin\Debug\jsreport-net-embedded\lib\reporter.js:164:19)
    at q.then.then.then.then.then.then.then.catch.e.message (C:\Users\MarcoAntonio\Documents\GitHub\Point-of-Sale\Point of Sale\bin\Debug\jsreport-net-embedded\lib\reporter.js:138:21)
    at _fulfilled (C:\Users\MarcoAntonio\Documents\GitHub\Point-of-Sale\Point of Sale\bin\Debug\jsreport-net-embedded\node_modules\q\q.js:794:54)
    at self.promiseDispatch.done (C:\Users\MarcoAntonio\Documents\GitHub\Point-of-Sale\Point of Sale\bin\Debug\jsreport-net-embedded\node_modules\q\q.js:823:30)
    at Promise.promise.promiseDispatch (C:\Users\MarcoAntonio\Documents\GitHub\Point-of-Sale\Point of Sale\bin\Debug\jsreport-net-embedded\node_modules\q\q.js:756:13)
    at C:\Users\MarcoAntonio\Documents\GitHub\Point-of-Sale\Point of Sale\bin\Debug\jsreport-net-embedded\node_modules\q\q.js:564:44
    at flush (C:\Users\MarcoAntonio\Documents\GitHub\Point-of-Sale\Point of Sale\bin\Debug\jsreport-net-embedded\node_modules\q\q.js:110:17)
2015-05-17T04:20:16.212Z - info: Starting rendering request 5 (user: null)
2015-05-17T04:20:16.221Z - info: Rendering template {shortid:7kNUnVqA, recipe:phantom-pdf,engine:jsrender}
2015-05-17T04:20:16.444Z - info: Rendering request 5 finished in 233 ms
2015-05-17T04:21:31.615Z - info: Starting rendering request 6 (user: null)
2015-05-17T04:21:31.626Z - info: Rendering template {shortid:7kNUnVqA, recipe:phantom-pdf,engine:jsrender}
2015-05-17T04:21:31.770Z - info: Rendering request 6 finished in 155 ms
2015-05-17T04:22:07.093Z - info: Starting rendering request 7 (user: null)
2015-05-17T04:22:07.104Z - info: Rendering template {shortid:7kNUnVqA, recipe:phantom-pdf,engine:jsrender}
2015-05-17T04:22:07.268Z - info: Rendering request 7 finished in 174 ms
2015-05-17T04:22:21.443Z - info: Starting rendering request 8 (user: null)
2015-05-17T04:22:21.462Z - info: Rendering template {shortid:7kNUnVqA, recipe:phantom-pdf,engine:jsrender}
2015-05-17T04:22:21.713Z - info: Rendering request 8 finished in 270 ms
2015-05-17T04:24:01.828Z - info: Starting rendering request 9 (user: null)
2015-05-17T04:24:01.839Z - info: Rendering template {shortid:7kNUnVqA, recipe:phantom-pdf,engine:jsrender}
2015-05-17T04:24:02.052Z - info: Rendering request 9 finished in 224 ms
2015-05-17T04:24:14.127Z - info: Starting rendering request 10 (user: null)
2015-05-17T04:24:14.142Z - info: Rendering template {shortid:7kNUnVqA, recipe:phantom-pdf,engine:jsrender}
2015-05-17T04:24:14.299Z - info: Rendering request 10 finished in 171 ms
2015-05-17T04:26:00.592Z - info: Starting rendering request 11 (user: null)
2015-05-17T04:26:00.632Z - info: Rendering template {shortid:7kNUnVqA, recipe:phantom-pdf,engine:jsrender}
2015-05-17T04:26:00.871Z - info: Rendering request 11 finished in 279 ms
2015-05-17T04:26:36.035Z - info: Starting rendering request 12 (user: null)
2015-05-17T04:26:36.045Z - info: Rendering template {shortid:7kNUnVqA, recipe:phantom-pdf,engine:jsrender}
2015-05-17T04:26:36.240Z - info: Rendering request 12 finished in 206 ms
2015-05-17T04:27:19.583Z - info: Starting rendering request 13 (user: null)
2015-05-17T04:27:19.593Z - info: Rendering template {shortid:7kNUnVqA, recipe:phantom-pdf,engine:jsrender}
2015-05-17T04:27:19.750Z - info: Rendering request 13 finished in 167 ms
2015-05-17T04:27:33.783Z - info: Starting rendering request 14 (user: null)
2015-05-17T04:27:33.793Z - info: Rendering template {shortid:7kNUnVqA, recipe:phantom-pdf,engine:jsrender}
2015-05-17T04:27:33.962Z - info: Rendering request 14 finished in 179 ms
2015-05-17T05:06:11.456Z - info: Starting rendering request 15 (user: null)
2015-05-17T05:06:11.476Z - info: Rendering template {shortid:7kNUnVqA, recipe:phantom-pdf,engine:jsrender}
2015-05-17T05:06:11.909Z - info: Rendering request 15 finished in 453 ms
2015-05-17T05:06:29.204Z - info: Starting rendering request 16 (user: null)
2015-05-17T05:06:29.229Z - info: Rendering template {shortid:7kNUnVqA, recipe:phantom-pdf,engine:jsrender}
2015-05-17T05:06:29.385Z - info: Rendering request 16 finished in 181 ms
2015-05-17T05:12:19.970Z - info: Starting rendering request 17 (user: null)
2015-05-17T05:12:19.979Z - info: Rendering template {shortid:7kNUnVqA, recipe:phantom-pdf,engine:jsrender}
2015-05-17T05:12:20.146Z - info: Rendering request 17 finished in 176 ms
2015-05-17T05:13:56.518Z - info: Starting rendering request 18 (user: null)
2015-05-17T05:13:56.528Z - info: Rendering template {shortid:7kNUnVqA, recipe:phantom-pdf,engine:jsrender}
2015-05-17T05:13:56.907Z - info: Rendering request 18 finished in 388 ms
2015-05-17T05:23:14.312Z - info: Initializing embedded storage at C:\Users\MarcoAntonio\Documents\GitHub\Point-of-Sale\Point of Sale\bin\Debug\jsreport-net-embedded\data
2015-05-17T05:23:14.327Z - info: Searching for available extensions in C:\Users\MarcoAntonio\Documents\GitHub\Point-of-Sale\Point of Sale\bin\Debug\jsreport-net-embedded
2015-05-17T05:23:14.791Z - info: Found 23 extensions
2015-05-17T05:23:14.806Z - info: Using extension express
2015-05-17T05:23:14.806Z - info: Using extension templates
2015-05-17T05:23:14.806Z - info: Using extension html
2015-05-17T05:23:14.806Z - info: Using extension data
2015-05-17T05:23:14.822Z - info: Using extension phantom-pdf
2015-05-17T05:23:14.822Z - info: Using extension selfTerminate
2015-05-17T05:23:14.822Z - info: Using extension childTemplates
2015-05-17T05:23:14.822Z - info: Using extension images
2015-05-17T05:23:14.822Z - info: Using extension xlsx
2015-05-17T05:23:14.822Z - info: Using extension html-to-xlsx
2015-05-17T05:23:14.822Z - info: Using extension text
2015-05-17T05:23:14.822Z - info: Using extension fop-pdf
2015-05-17T05:23:14.822Z - info: Using extension scripts
2015-05-17T05:23:14.822Z - info: Using extension embedding
2015-05-17T05:23:14.822Z - info: Using extension client-html
2015-05-17T05:23:15.306Z - info: Extensions loaded.
2015-05-17T05:23:15.306Z - info: Initializing embedded storage at C:\Users\MarcoAntonio\Documents\GitHub\Point-of-Sale\Point of Sale\bin\Debug\jsreport-net-embedded\data
2015-05-17T05:23:15.369Z - info: Creating default express app.
2015-05-17T05:23:15.431Z - info: jsreport server successfully started on http port: 2000
2015-05-17T05:23:15.447Z - info: reporter initialized
2015-05-17T05:25:41.223Z - info: Starting rendering request 1 (user: null)
2015-05-17T05:25:41.230Z - info: Rendering template {shortid:7kNUnVqA, recipe:phantom-pdf,engine:jsrender}
2015-05-17T05:25:43.144Z - info: Rendering request 1 finished in 1922 ms
2015-05-17T05:29:03.839Z - info: Initializing embedded storage at C:\Users\MarcoAntonio\Documents\GitHub\Point-of-Sale\Point of Sale\bin\Debug\jsreport-net-embedded\data
2015-05-17T05:29:03.855Z - info: Searching for available extensions in C:\Users\MarcoAntonio\Documents\GitHub\Point-of-Sale\Point of Sale\bin\Debug\jsreport-net-embedded
2015-05-17T05:29:04.281Z - info: Found 23 extensions
2015-05-17T05:29:04.297Z - info: Using extension express
2015-05-17T05:29:04.297Z - info: Using extension templates
2015-05-17T05:29:04.313Z - info: Using extension html
2015-05-17T05:29:04.313Z - info: Using extension data
2015-05-17T05:29:04.313Z - info: Using extension phantom-pdf
2015-05-17T05:29:04.313Z - info: Using extension selfTerminate
2015-05-17T05:29:04.313Z - info: Using extension childTemplates
2015-05-17T05:29:04.313Z - info: Using extension images
2015-05-17T05:29:04.313Z - info: Using extension xlsx
2015-05-17T05:29:04.313Z - info: Using extension html-to-xlsx
2015-05-17T05:29:04.313Z - info: Using extension text
2015-05-17T05:29:04.313Z - info: Using extension fop-pdf
2015-05-17T05:29:04.313Z - info: Using extension scripts
2015-05-17T05:29:04.313Z - info: Using extension embedding
2015-05-17T05:29:04.313Z - info: Using extension client-html
2015-05-17T05:29:04.775Z - info: Extensions loaded.
2015-05-17T05:29:04.775Z - info: Initializing embedded storage at C:\Users\MarcoAntonio\Documents\GitHub\Point-of-Sale\Point of Sale\bin\Debug\jsreport-net-embedded\data
2015-05-17T05:29:04.822Z - info: Creating default express app.
2015-05-17T05:29:04.884Z - info: jsreport server successfully started on http port: 2000
2015-05-17T05:29:04.884Z - info: reporter initialized
2015-05-17T05:44:57.723Z - info: Initializing embedded storage at C:\Users\MarcoAntonio\Documents\GitHub\Point-of-Sale\Point of Sale\bin\Debug\jsreport-net-embedded\data
2015-05-17T05:44:57.738Z - info: Searching for available extensions in C:\Users\MarcoAntonio\Documents\GitHub\Point-of-Sale\Point of Sale\bin\Debug\jsreport-net-embedded
2015-05-17T05:44:58.192Z - info: Found 23 extensions
2015-05-17T05:44:58.207Z - info: Using extension express
2015-05-17T05:44:58.207Z - info: Using extension templates
2015-05-17T05:44:58.223Z - info: Using extension html
2015-05-17T05:44:58.223Z - info: Using extension data
2015-05-17T05:44:58.223Z - info: Using extension phantom-pdf
2015-05-17T05:44:58.223Z - info: Using extension selfTerminate
2015-05-17T05:44:58.223Z - info: Using extension childTemplates
2015-05-17T05:44:58.223Z - info: Using extension images
2015-05-17T05:44:58.223Z - info: Using extension xlsx
2015-05-17T05:44:58.223Z - info: Using extension html-to-xlsx
2015-05-17T05:44:58.223Z - info: Using extension text
2015-05-17T05:44:58.223Z - info: Using extension fop-pdf
2015-05-17T05:44:58.223Z - info: Using extension scripts
2015-05-17T05:44:58.223Z - info: Using extension embedding
2015-05-17T05:44:58.223Z - info: Using extension client-html
2015-05-17T05:44:58.707Z - info: Extensions loaded.
2015-05-17T05:44:58.707Z - info: Initializing embedded storage at C:\Users\MarcoAntonio\Documents\GitHub\Point-of-Sale\Point of Sale\bin\Debug\jsreport-net-embedded\data
2015-05-17T05:44:58.848Z - info: Creating default express app.
2015-05-17T05:44:58.910Z - info: jsreport server successfully started on http port: 2000
2015-05-17T05:44:58.910Z - info: reporter initialized
2015-05-17T05:44:59.223Z - info: Starting rendering request 1 (user: null)
2015-05-17T05:44:59.223Z - info: Rendering template {shortid:7kNUnVqA, recipe:phantom-pdf,engine:jsrender}
2015-05-17T05:45:00.265Z - info: Rendering request 1 finished in 1042 ms
2015-05-17T05:45:49.198Z - info: Initializing embedded storage at C:\Users\MarcoAntonio\Documents\GitHub\Point-of-Sale\Point of Sale\bin\Debug\jsreport-net-embedded\data
2015-05-17T05:45:49.229Z - info: Searching for available extensions in C:\Users\MarcoAntonio\Documents\GitHub\Point-of-Sale\Point of Sale\bin\Debug\jsreport-net-embedded
2015-05-17T05:45:49.636Z - info: Found 23 extensions
2015-05-17T05:45:49.651Z - info: Using extension express
2015-05-17T05:45:49.651Z - info: Using extension templates
2015-05-17T05:45:49.651Z - info: Using extension html
2015-05-17T05:45:49.651Z - info: Using extension data
2015-05-17T05:45:49.651Z - info: Using extension phantom-pdf
2015-05-17T05:45:49.651Z - info: Using extension selfTerminate
2015-05-17T05:45:49.651Z - info: Using extension childTemplates
2015-05-17T05:45:49.651Z - info: Using extension images
2015-05-17T05:45:49.651Z - info: Using extension xlsx
2015-05-17T05:45:49.651Z - info: Using extension html-to-xlsx
2015-05-17T05:45:49.651Z - info: Using extension text
2015-05-17T05:45:49.651Z - info: Using extension fop-pdf
2015-05-17T05:45:49.651Z - info: Using extension scripts
2015-05-17T05:45:49.651Z - info: Using extension embedding
2015-05-17T05:45:49.651Z - info: Using extension client-html
2015-05-17T05:45:50.136Z - info: Extensions loaded.
2015-05-17T05:45:50.136Z - info: Initializing embedded storage at C:\Users\MarcoAntonio\Documents\GitHub\Point-of-Sale\Point of Sale\bin\Debug\jsreport-net-embedded\data
2015-05-17T05:45:50.167Z - info: Creating default express app.
2015-05-17T05:45:50.245Z - info: jsreport server successfully started on http port: 2000
2015-05-17T05:45:50.245Z - info: reporter initialized
2015-05-17T05:50:05.885Z - info: Initializing embedded storage at C:\Users\MarcoAntonio\Documents\GitHub\Point-of-Sale\Point of Sale\bin\Debug\jsreport-net-embedded\data
2015-05-17T05:50:05.900Z - info: Searching for available extensions in C:\Users\MarcoAntonio\Documents\GitHub\Point-of-Sale\Point of Sale\bin\Debug\jsreport-net-embedded
2015-05-17T05:50:06.322Z - info: Found 23 extensions
2015-05-17T05:50:06.338Z - info: Using extension express
2015-05-17T05:50:06.338Z - info: Using extension templates
2015-05-17T05:50:06.338Z - info: Using extension html
2015-05-17T05:50:06.338Z - info: Using extension data
2015-05-17T05:50:06.338Z - info: Using extension phantom-pdf
2015-05-17T05:50:06.338Z - info: Using extension selfTerminate
2015-05-17T05:50:06.338Z - info: Using extension childTemplates
2015-05-17T05:50:06.338Z - info: Using extension images
2015-05-17T05:50:06.338Z - info: Using extension xlsx
2015-05-17T05:50:06.338Z - info: Using extension html-to-xlsx
2015-05-17T05:50:06.353Z - info: Using extension text
2015-05-17T05:50:06.353Z - info: Using extension fop-pdf
2015-05-17T05:50:06.353Z - info: Using extension scripts
2015-05-17T05:50:06.353Z - info: Using extension embedding
2015-05-17T05:50:06.353Z - info: Using extension client-html
2015-05-17T05:50:06.851Z - info: Extensions loaded.
2015-05-17T05:50:06.851Z - info: Initializing embedded storage at C:\Users\MarcoAntonio\Documents\GitHub\Point-of-Sale\Point of Sale\bin\Debug\jsreport-net-embedded\data
2015-05-17T05:50:06.882Z - info: Creating default express app.
2015-05-17T05:50:06.944Z - info: jsreport server successfully started on http port: 2000
2015-05-17T05:50:06.944Z - info: reporter initialized
2015-05-17T05:50:16.507Z - info: Starting rendering request 1 (user: null)
2015-05-17T05:50:16.523Z - info: Rendering template {shortid:7kNUnVqA, recipe:phantom-pdf,engine:jsrender}
2015-05-17T05:50:17.297Z - info: Rendering request 1 finished in 790 ms
2015-05-17T05:50:38.966Z - info: Starting rendering request 2 (user: null)
2015-05-17T05:50:38.966Z - info: Rendering template {shortid:7kNUnVqA, recipe:phantom-pdf,engine:jsrender}
2015-05-17T05:50:39.076Z - info: Rendering request 2 finished in 110 ms
2015-05-17T05:53:13.776Z - info: Initializing embedded storage at C:\Users\MarcoAntonio\Documents\GitHub\Point-of-Sale\Point of Sale\bin\Debug\jsreport-net-embedded\data
2015-05-17T05:53:13.808Z - info: Searching for available extensions in C:\Users\MarcoAntonio\Documents\GitHub\Point-of-Sale\Point of Sale\bin\Debug\jsreport-net-embedded
2015-05-17T05:53:14.149Z - info: Found 23 extensions
2015-05-17T05:53:14.165Z - info: Using extension express
2015-05-17T05:53:14.165Z - info: Using extension templates
2015-05-17T05:53:14.165Z - info: Using extension html
2015-05-17T05:53:14.165Z - info: Using extension data
2015-05-17T05:53:14.180Z - info: Using extension phantom-pdf
2015-05-17T05:53:14.180Z - info: Using extension selfTerminate
2015-05-17T05:53:14.180Z - info: Using extension childTemplates
2015-05-17T05:53:14.180Z - info: Using extension images
2015-05-17T05:53:14.180Z - info: Using extension xlsx
2015-05-17T05:53:14.180Z - info: Using extension html-to-xlsx
2015-05-17T05:53:14.180Z - info: Using extension text
2015-05-17T05:53:14.180Z - info: Using extension fop-pdf
2015-05-17T05:53:14.180Z - info: Using extension scripts
2015-05-17T05:53:14.180Z - info: Using extension embedding
2015-05-17T05:53:14.180Z - info: Using extension client-html
2015-05-17T05:53:14.751Z - info: Extensions loaded.
2015-05-17T05:53:14.751Z - info: Initializing embedded storage at C:\Users\MarcoAntonio\Documents\GitHub\Point-of-Sale\Point of Sale\bin\Debug\jsreport-net-embedded\data
2015-05-17T05:53:14.798Z - info: Creating default express app.
2015-05-17T05:53:14.886Z - info: jsreport server successfully started on http port: 2000
2015-05-17T05:53:14.886Z - info: reporter initialized
2015-05-17T05:53:16.711Z - info: Starting rendering request 1 (user: null)
2015-05-17T05:53:16.727Z - info: Rendering template {shortid:7kNUnVqA, recipe:phantom-pdf,engine:jsrender}
2015-05-17T05:53:17.971Z - info: Rendering request 1 finished in 1260 ms
2015-05-17T05:54:13.972Z - info: Initializing embedded storage at C:\Users\MarcoAntonio\Documents\GitHub\Point-of-Sale\Point of Sale\bin\Debug\jsreport-net-embedded\data
2015-05-17T05:54:13.987Z - info: Searching for available extensions in C:\Users\MarcoAntonio\Documents\GitHub\Point-of-Sale\Point of Sale\bin\Debug\jsreport-net-embedded
2015-05-17T05:54:14.364Z - info: Found 23 extensions
2015-05-17T05:54:14.380Z - info: Using extension express
2015-05-17T05:54:14.380Z - info: Using extension templates
2015-05-17T05:54:14.380Z - info: Using extension html
2015-05-17T05:54:14.380Z - info: Using extension data
2015-05-17T05:54:14.380Z - info: Using extension phantom-pdf
2015-05-17T05:54:14.380Z - info: Using extension selfTerminate
2015-05-17T05:54:14.380Z - info: Using extension childTemplates
2015-05-17T05:54:14.395Z - info: Using extension images
2015-05-17T05:54:14.395Z - info: Using extension xlsx
2015-05-17T05:54:14.395Z - info: Using extension html-to-xlsx
2015-05-17T05:54:14.395Z - info: Using extension text
2015-05-17T05:54:14.395Z - info: Using extension fop-pdf
2015-05-17T05:54:14.395Z - info: Using extension scripts
2015-05-17T05:54:14.395Z - info: Using extension embedding
2015-05-17T05:54:14.395Z - info: Using extension client-html
2015-05-17T05:54:14.942Z - info: Extensions loaded.
2015-05-17T05:54:14.942Z - info: Initializing embedded storage at C:\Users\MarcoAntonio\Documents\GitHub\Point-of-Sale\Point of Sale\bin\Debug\jsreport-net-embedded\data
2015-05-17T05:54:15.083Z - info: Creating default express app.
2015-05-17T05:54:15.161Z - info: jsreport server successfully started on http port: 2000
2015-05-17T05:54:15.161Z - info: reporter initialized
2015-05-17T05:54:17.814Z - info: Starting rendering request 1 (user: null)
2015-05-17T05:54:17.830Z - info: Rendering template {shortid:7kNUnVqA, recipe:phantom-pdf,engine:jsrender}
2015-05-17T05:54:19.339Z - info: Rendering request 1 finished in 1525 ms
2015-05-17T05:56:42.920Z - info: Initializing embedded storage at C:\Users\MarcoAntonio\Documents\GitHub\Point-of-Sale\Point of Sale\bin\Debug\jsreport-net-embedded\data
2015-05-17T05:56:42.936Z - info: Searching for available extensions in C:\Users\MarcoAntonio\Documents\GitHub\Point-of-Sale\Point of Sale\bin\Debug\jsreport-net-embedded
2015-05-17T05:56:43.358Z - info: Found 23 extensions
2015-05-17T05:56:43.373Z - info: Using extension express
2015-05-17T05:56:43.373Z - info: Using extension templates
2015-05-17T05:56:43.373Z - info: Using extension html
2015-05-17T05:56:43.373Z - info: Using extension data
2015-05-17T05:56:43.373Z - info: Using extension phantom-pdf
2015-05-17T05:56:43.389Z - info: Using extension selfTerminate
2015-05-17T05:56:43.389Z - info: Using extension childTemplates
2015-05-17T05:56:43.389Z - info: Using extension images
2015-05-17T05:56:43.389Z - info: Using extension xlsx
2015-05-17T05:56:43.389Z - info: Using extension html-to-xlsx
2015-05-17T05:56:43.389Z - info: Using extension text
2015-05-17T05:56:43.389Z - info: Using extension fop-pdf
2015-05-17T05:56:43.389Z - info: Using extension scripts
2015-05-17T05:56:43.389Z - info: Using extension embedding
2015-05-17T05:56:43.389Z - info: Using extension client-html
2015-05-17T05:56:43.873Z - info: Extensions loaded.
2015-05-17T05:56:43.873Z - info: Initializing embedded storage at C:\Users\MarcoAntonio\Documents\GitHub\Point-of-Sale\Point of Sale\bin\Debug\jsreport-net-embedded\data
2015-05-17T05:56:43.905Z - info: Creating default express app.
2015-05-17T05:56:43.983Z - info: jsreport server successfully started on http port: 2000
2015-05-17T05:56:43.983Z - info: reporter initialized
2015-05-17T05:56:45.903Z - info: Starting rendering request 1 (user: null)
2015-05-17T05:56:45.903Z - info: Rendering template {shortid:7kNUnVqA, recipe:phantom-pdf,engine:jsrender}
2015-05-17T05:56:47.115Z - info: Rendering request 1 finished in 1212 ms
2015-05-17T05:58:11.141Z - info: Starting rendering request 2 (user: null)
2015-05-17T05:58:11.151Z - info: Rendering template {shortid:7kNUnVqA, recipe:phantom-pdf,engine:jsrender}
2015-05-17T05:58:11.287Z - info: Rendering request 2 finished in 147 ms
2015-05-17T05:58:23.237Z - info: Starting rendering request 3 (user: null)
2015-05-17T05:58:23.252Z - info: Rendering template {shortid:7kNUnVqA, recipe:phantom-pdf,engine:jsrender}
2015-05-17T05:58:23.393Z - info: Rendering request 3 finished in 156 ms
2015-05-17T05:58:33.028Z - info: Starting rendering request 4 (user: null)
2015-05-17T05:58:33.044Z - info: Rendering template {shortid:7kNUnVqA, recipe:phantom-pdf,engine:jsrender}
2015-05-17T05:58:33.138Z - info: Rendering request 4 finished in 110 ms
2015-05-17T05:59:30.626Z - info: Starting rendering request 5 (user: null)
2015-05-17T05:59:30.638Z - info: Rendering template {shortid:7kNUnVqA, recipe:phantom-pdf,engine:jsrender}
2015-05-17T05:59:30.778Z - info: Rendering request 5 finished in 152 ms
2015-05-17T05:59:45.402Z - info: Starting rendering request 6 (user: null)
2015-05-17T05:59:45.415Z - info: Rendering template {shortid:7kNUnVqA, recipe:phantom-pdf,engine:jsrender}
2015-05-17T05:59:45.557Z - info: Rendering request 6 finished in 154 ms
2015-05-17T06:00:07.610Z - info: Initializing embedded storage at C:\Users\MarcoAntonio\Documents\GitHub\Point-of-Sale\Point of Sale\bin\Debug\jsreport-net-embedded\data
2015-05-17T06:00:07.626Z - info: Searching for available extensions in C:\Users\MarcoAntonio\Documents\GitHub\Point-of-Sale\Point of Sale\bin\Debug\jsreport-net-embedded
2015-05-17T06:00:07.985Z - info: Found 23 extensions
2015-05-17T06:00:08.001Z - info: Using extension express
2015-05-17T06:00:08.001Z - info: Using extension templates
2015-05-17T06:00:08.001Z - info: Using extension html
2015-05-17T06:00:08.001Z - info: Using extension data
2015-05-17T06:00:08.001Z - info: Using extension phantom-pdf
2015-05-17T06:00:08.001Z - info: Using extension selfTerminate
2015-05-17T06:00:08.001Z - info: Using extension childTemplates
2015-05-17T06:00:08.001Z - info: Using extension images
2015-05-17T06:00:08.001Z - info: Using extension xlsx
2015-05-17T06:00:08.001Z - info: Using extension html-to-xlsx
2015-05-17T06:00:08.001Z - info: Using extension text
2015-05-17T06:00:08.001Z - info: Using extension fop-pdf
2015-05-17T06:00:08.001Z - info: Using extension scripts
2015-05-17T06:00:08.001Z - info: Using extension embedding
2015-05-17T06:00:08.001Z - info: Using extension client-html
2015-05-17T06:00:08.517Z - info: Extensions loaded.
2015-05-17T06:00:08.517Z - info: Initializing embedded storage at C:\Users\MarcoAntonio\Documents\GitHub\Point-of-Sale\Point of Sale\bin\Debug\jsreport-net-embedded\data
2015-05-17T06:00:08.563Z - info: Creating default express app.
2015-05-17T06:00:08.626Z - info: jsreport server successfully started on http port: 2000
2015-05-17T06:00:08.642Z - info: reporter initialized
2015-05-17T06:00:11.603Z - info: Starting rendering request 1 (user: null)
2015-05-17T06:00:11.603Z - info: Rendering template {shortid:7kNUnVqA, recipe:phantom-pdf,engine:jsrender}
2015-05-17T06:00:12.308Z - info: Rendering request 1 finished in 705 ms
